<?xml version="1.0" encoding="UTF-8" ?>
<testsuite tests="1" failures="0" name="TestSuite" time="63.07" errors="0" skipped="0">
  <properties>
    <property name="java.vendor" value="Oracle Corporation"/>
    <property name="JOB_NAME" value="smokePack"/>
    <property name="sun.java.launcher" value="SUN_STANDARD"/>
    <property name="NUMBER_OF_PROCESSORS" value="4"/>
    <property name="sun.management.compiler" value="HotSpot 64-Bit Tiered Compilers"/>
    <property name="JENKINS_HOME" value="C:\Program Files (x86)\Jenkins"/>
    <property name="PATH" value="C:\Program Files\Java\jdk1.8.0_231/bin;C:\Program Files (x86)\Common Files\Oracle\Java\javapath;C:\Program Files\Java\jdk-13\bin;C:\Users\kusum\AppData\Local\Programs\Python\Python38-32\Scripts\;C:\Users\kusum\AppData\Local\Programs\Python\Python38-32\;&quot;C:\Users\kusum\AppData\Local\Programs\Python\Python36\Scripts\;C:\Users\kusum\AppData\Roaming\Microsoft\Windows\Start Menu\Programs&quot;;C:\Users\kusum\AppData\Local\Programs\Python\Python36\;C:\Users\kusum\AppData\Local\Microsoft\WindowsApps;C:\Program Files\Java\jdk-13\bin\bin;"/>
    <property name="HUDSON_SERVER_COOKIE" value="433efec62f81436e"/>
    <property name="POM_ARTIFACTID" value="MavenDemo"/>
    <property name="os.name" value="Windows 10"/>
    <property name="sun.boot.class.path" value="C:\Program Files\Java\jdk1.8.0_231\jre\lib\resources.jar;C:\Program Files\Java\jdk1.8.0_231\jre\lib\rt.jar;C:\Program Files\Java\jdk1.8.0_231\jre\lib\sunrsasign.jar;C:\Program Files\Java\jdk1.8.0_231\jre\lib\jsse.jar;C:\Program Files\Java\jdk1.8.0_231\jre\lib\jce.jar;C:\Program Files\Java\jdk1.8.0_231\jre\lib\charsets.jar;C:\Program Files\Java\jdk1.8.0_231\jre\lib\jfr.jar;C:\Program Files\Java\jdk1.8.0_231\jre\classes"/>
    <property name="EXECUTOR_NUMBER" value="0"/>
    <property name="sun.desktop" value="windows"/>
    <property name="PATHEXT" value=".COM;.EXE;.BAT;.CMD;.VBS;.VBE;.JS;.JSE;.WSF;.WSH;.MSC"/>
    <property name="java.vm.specification.vendor" value="Oracle Corporation"/>
    <property name="POM_DISPLAYNAME" value="MavenDemo"/>
    <property name="NODE_LABELS" value="window_Slave1"/>
    <property name="TEMP" value="C:\Users\kusum\AppData\Local\Temp"/>
    <property name="java.runtime.version" value="1.8.0_231-b11"/>
    <property name="user.name" value="kusum"/>
    <property name="guice.disable.misplaced.annotation.check" value="true"/>
    <property name="CommonProgramW6432" value="C:\Program Files\Common Files"/>
    <property name="ProgramFiles" value="C:\Program Files"/>
    <property name="PROMPT" value="$P$G"/>
    <property name="user.language" value="en"/>
    <property name="JOB_BASE_NAME" value="smokePack"/>
    <property name="RUN_CHANGES_DISPLAY_URL" value="http://localhost:8080/job/smokePack/2/display/redirect?page=changes"/>
    <property name="BUILD_DISPLAY_NAME" value="#2"/>
    <property name="OneDrive" value="C:\Users\kusum\OneDrive"/>
    <property name="sun.boot.library.path" value="C:\Program Files\Java\jdk1.8.0_231\jre\bin"/>
    <property name="LOCALAPPDATA" value="C:\Users\kusum\AppData\Local"/>
    <property name="java.version" value="1.8.0_231"/>
    <property name="PROCESSOR_LEVEL" value="6"/>
    <property name="user.timezone" value="Asia/Calcutta"/>
    <property name="USERNAME" value="kusum"/>
    <property name="sun.arch.data.model" value="64"/>
    <property name="NODE_NAME" value="window_Slave1"/>
    <property name="OneDriveConsumer" value="C:\Users\kusum\OneDrive"/>
    <property name="java.endorsed.dirs" value="C:\Program Files\Java\jdk1.8.0_231\jre\lib\endorsed"/>
    <property name="BUILD_ID" value="2"/>
    <property name="sun.cpu.isalist" value="amd64"/>
    <property name="sun.jnu.encoding" value="Cp1252"/>
    <property name="file.encoding.pkg" value="sun.io"/>
    <property name="file.separator" value="\"/>
    <property name="java.specification.name" value="Java Platform API Specification"/>
    <property name="HOMEDRIVE" value="C:"/>
    <property name="maven.conf" value="C:\Users\kusum\Downloads\apache-maven-3.6.3-bin\apache-maven-3.6.3\conf"/>
    <property name="java.class.version" value="52.0"/>
    <property name="=::" value="::\"/>
    <property name="org.slf4j.simpleLogger.defaultLogLevel" value="info"/>
    <property name="user.country" value="IN"/>
    <property name="ALLUSERSPROFILE" value="C:\ProgramData"/>
    <property name="java.home" value="C:\Program Files\Java\jdk1.8.0_231\jre"/>
    <property name="java.vm.info" value="mixed mode"/>
    <property name="os.version" value="10.0"/>
    <property name="RUN_DISPLAY_URL" value="http://localhost:8080/job/smokePack/2/display/redirect"/>
    <property name="POM_VERSION" value="0.0.1-SNAPSHOT"/>
    <property name="TMP" value="C:\Users\kusum\AppData\Local\Temp"/>
    <property name="path.separator" value=";"/>
    <property name="java.vm.version" value="25.231-b11"/>
    <property name="user.variant" value=""/>
    <property name="JOB_DISPLAY_URL" value="http://localhost:8080/job/smokePack/display/redirect"/>
    <property name="CommonProgramFiles(x86)" value="C:\Program Files (x86)\Common Files"/>
    <property name="USERDOMAIN_ROAMINGPROFILE" value="DESKTOP-ML77F8P"/>
    <property name="java.awt.printerjob" value="sun.awt.windows.WPrinterJob"/>
    <property name="JAVA_HOME" value="C:\Program Files\Java\jdk1.8.0_231"/>
    <property name="sun.io.unicode.encoding" value="UnicodeLittle"/>
    <property name="CommonProgramFiles" value="C:\Program Files\Common Files"/>
    <property name="ComSpec" value="C:\WINDOWS\system32\cmd.exe"/>
    <property name="HOMEPATH" value="\Users\kusum"/>
    <property name="awt.toolkit" value="sun.awt.windows.WToolkit"/>
    <property name="POM_PACKAGING" value="jar"/>
    <property name="user.script" value=""/>
    <property name="COMPUTERNAME" value="DESKTOP-ML77F8P"/>
    <property name="POM_GROUPID" value="MavenDemo"/>
    <property name="user.home" value="C:\Users\kusum"/>
    <property name="PUBLIC" value="C:\Users\Public"/>
    <property name="BUILD_TAG" value="jenkins-smokePack-2"/>
    <property name="JENKINS_SERVER_COOKIE" value="433efec62f81436e"/>
    <property name="HUDSON_URL" value="http://localhost:8080/"/>
    <property name="ProgramData" value="C:\ProgramData"/>
    <property name="java.specification.vendor" value="Oracle Corporation"/>
    <property name="USERPROFILE" value="C:\Users\kusum"/>
    <property name="CLASSPATH" value=""/>
    <property name="java.vendor.url" value="http://java.oracle.com/"/>
    <property name="java.library.path" value="C:\Program Files\Java\jdk1.8.0_231\bin;C:\WINDOWS\Sun\Java\bin;C:\WINDOWS\system32;C:\WINDOWS;C:\Users\kusum\Downloads\apache-maven-3.6.3-bin\apache-maven-3.6.3/bin;C:\Program Files\Java\jdk1.8.0_231/bin;C:\Program Files\Java\jdk1.8.0_231/bin;C:\Program Files (x86)\Common Files\Oracle\Java\javapath;C:\Program Files\Java\jdk-13\bin;C:\Users\kusum\AppData\Local\Programs\Python\Python38-32\Scripts\;C:\Users\kusum\AppData\Local\Programs\Python\Python38-32\;&quot;C:\Users\kusum\AppData\Local\Programs\Python\Python36\Scripts\;C:\Users\kusum\AppData\Roaming\Microsoft\Windows\Start Menu\Programs&quot;;C:\Users\kusum\AppData\Local\Programs\Python\Python36\;C:\Users\kusum\AppData\Local\Microsoft\WindowsApps;C:\Program Files\Java\jdk-13\bin\bin;;."/>
    <property name="java.vm.vendor" value="Oracle Corporation"/>
    <property name="APPDATA" value="C:\Users\kusum\AppData\Roaming"/>
    <property name="java.runtime.name" value="Java(TM) SE Runtime Environment"/>
    <property name="maven.home" value="C:\Users\kusum\Downloads\apache-maven-3.6.3-bin\apache-maven-3.6.3"/>
    <property name="java.class.path" value="C:\Jenkins_Soft\maven35-agent.jar;C:\Users\kusum\Downloads\apache-maven-3.6.3-bin\apache-maven-3.6.3\boot\plexus-classworlds-2.6.0.jar;C:\Users\kusum\Downloads\apache-maven-3.6.3-bin\apache-maven-3.6.3/conf/logging"/>
    <property name="sun.java.command" value="jenkins.maven3.agent.Maven35Main C:\Users\kusum\Downloads\apache-maven-3.6.3-bin\apache-maven-3.6.3 C:\Jenkins_Soft\agent.jar C:\Jenkins_Soft\maven35-interceptor.jar C:\Jenkins_Soft\maven3-interceptor-commons.jar 63801"/>
    <property name="java.vm.specification.name" value="Java Virtual Machine Specification"/>
    <property name="PROCESSOR_ARCHITECTURE" value="AMD64"/>
    <property name="PATH+JDK" value="C:\Program Files\Java\jdk1.8.0_231/bin"/>
    <property name="PROCESSOR_IDENTIFIER" value="Intel64 Family 6 Model 69 Stepping 1, GenuineIntel"/>
    <property name="SESSIONNAME" value="Console"/>
    <property name="java.vm.specification.version" value="1.8"/>
    <property name="sun.os.patch.level" value=""/>
    <property name="sun.cpu.endian" value="little"/>
    <property name="M2_HOME" value="C:\Users\kusum\Downloads\apache-maven-3.6.3-bin\apache-maven-3.6.3"/>
    <property name="java.io.tmpdir" value="C:\Users\kusum\AppData\Local\Temp\"/>
    <property name="OS" value="Windows_NT"/>
    <property name="HUDSON_HOME" value="C:\Program Files (x86)\Jenkins"/>
    <property name="PATH+MAVEN" value="C:\Users\kusum\Downloads\apache-maven-3.6.3-bin\apache-maven-3.6.3/bin"/>
    <property name="ProgramFiles(x86)" value="C:\Program Files (x86)"/>
    <property name="BUILD_URL" value="http://localhost:8080/job/smokePack/2/"/>
    <property name="java.vendor.url.bug" value="http://bugreport.sun.com/bugreport/"/>
    <property name="java.awt.graphicsenv" value="sun.awt.Win32GraphicsEnvironment"/>
    <property name="os.arch" value="amd64"/>
    <property name="SystemRoot" value="C:\WINDOWS"/>
    <property name="java.ext.dirs" value="C:\Program Files\Java\jdk1.8.0_231\jre\lib\ext;C:\WINDOWS\Sun\Java\lib\ext"/>
    <property name="user.dir" value="C:\Users\kusum\eclipse-workspace\MavenDemo"/>
    <property name="JOB_URL" value="http://localhost:8080/job/smokePack/"/>
    <property name="LOGONSERVER" value="\\DESKTOP-ML77F8P"/>
    <property name="USERDOMAIN" value="DESKTOP-ML77F8P"/>
    <property name="line.separator" value="
"/>
    <property name="MAVEN_HOME" value="C:\Users\kusum\Downloads\apache-maven-3.6.3-bin\apache-maven-3.6.3"/>
    <property name="python" value="C:\Users\kusum\Python"/>
    <property name="java.vm.name" value="Java HotSpot(TM) 64-Bit Server VM"/>
    <property name="BUILD_NUMBER" value="2"/>
    <property name="JENKINS_URL" value="http://localhost:8080/"/>
    <property name="PROCESSOR_REVISION" value="4501"/>
    <property name="ProgramW6432" value="C:\Program Files"/>
    <property name="windir" value="C:\WINDOWS"/>
    <property name="=C:" value="C:\Jenkins_Soft"/>
    <property name="file.encoding" value="Cp1252"/>
    <property name="SystemDrive" value="C:"/>
    <property name="maven3.interceptor" value="C:\Jenkins_Soft\maven35-interceptor.jar"/>
    <property name="WORKSPACE" value="C:\Jenkins_Soft\workspace\smokePack"/>
    <property name="maven3.interceptor.common" value="C:\Jenkins_Soft\maven3-interceptor-commons.jar"/>
    <property name="java.specification.version" value="1.8"/>
    <property name="PSModulePath" value="C:\Program Files\WindowsPowerShell\Modules;C:\WINDOWS\system32\WindowsPowerShell\v1.0\Modules"/>
  </properties>
  <testcase classname="test.NewTest" name="launchBrowser" time="63.07"/>
</testsuite>