<?xml version="1.0" encoding="UTF-8"?>
<!-- Generated by org.testng.reporters.JUnitReportReporter -->
<testsuite hostname="DESKTOP-ML77F8P" name="test.NewTest" tests="1" failures="0" timestamp="12 Jan 2020 06:22:30 GMT" time="63.032" errors="0">
  <testcase name="launchBrowser" time="63.032" classname="test.NewTest"/>
</testsuite> <!-- test.NewTest -->
